C51 COMPILER V9.53.0.0   MAIN                                                              04/17/2021 16:58:41 PAGE 1   


C51 COMPILER V9.53.0.0, COMPILATION OF MODULE MAIN
OBJECT MODULE PLACED IN .\Objects\main.obj
COMPILER INVOKED BY: D:\keil5-MDK\C51\BIN\C51.EXE main.c OPTIMIZE(8,SPEED) BROWSE DEBUG OBJECTEXTEND PRINT(.\Listings\ma
                    -in.lst) OBJECT(.\Objects\main.obj)

line level    source

   1          //https://github.com/CoreSic/Lqb-IAP15
   2          //项目名称：蓝桥杯大赛-单片机组demo
   3          //作者：coresic
   4          //转载请注明出处
   5          
   6          #include <STC15F2K60S2.H>
   7          #include "onewire.h"
   8          #include "ds1302.h"
   9          
  10          #define uchar unsigned char
  11          #define uint unsigned int
  12                  
  13          uchar WEI[8];//数码管显示值缓存
  14          uchar DUAN[10]={0xc0,0xf9,0xa4,0xb0,0x99,0x92,0x82,0xf8,0x80,0x90};//数码管段码
  15          uchar index;//数码管显示位置
  16          float wendu;//温度数据
  17          uint count;//定时器计数值
  18          
  19          void Enable38(uchar num)//38译码器
  20          {
  21   1              P2&=0x1f;
  22   1              P2|=num<<5;
  23   1      }
  24          
  25          void Timer0_Init()//定时器0初始化
  26          {
  27   1              TMOD=0x01;
  28   1              TH0=-9;
  29   1              TL1=0;
  30   1              TR0=1;
  31   1              ET0=1;
  32   1              EA=1;
  33   1      }
  34          
  35          void Display_init()//数码管显示初始化
  36          {
  37   1              WEI[0]=DUAN[0];
  38   1              WEI[1]=DUAN[0];
  39   1              WEI[2]=DUAN[0];
  40   1              WEI[3]=DUAN[0];
  41   1              WEI[4]=DUAN[0];
  42   1              WEI[5]=DUAN[0];
  43   1              WEI[6]=DUAN[0];
  44   1              WEI[7]=DUAN[0];
  45   1      }
  46          
  47          void Display_wendu()//温度显示
  48          {
  49   1              uint wendu_num=wendu*10;
  50   1              WEI[0]=DUAN[wendu_num/100];
  51   1              WEI[1]=DUAN[wendu_num/10%10]&0x7f;
  52   1              WEI[2]=DUAN[wendu_num%10];
  53   1      }
  54          
C51 COMPILER V9.53.0.0   MAIN                                                              04/17/2021 16:58:41 PAGE 2   

  55          void Display()//数码管显示
  56          {
  57   1              Enable38(6);
  58   1              P0=(0x01<<index);
  59   1              Enable38(7);
  60   1              P0=(WEI[index]);
  61   1              index++;
  62   1              index&=7;
  63   1      }
  64          
  65          void LED8_ON(uchar num)//流水灯开
  66          {
  67   1              Enable38(4);
  68   1              if(num<=7)
  69   1              P0&=~(0x01<<num);
  70   1              else
  71   1              P0=0X00;
  72   1      }
  73          
  74          void LED8_OFF(uchar num)//流水灯关
  75          {
  76   1              Enable38(4);
  77   1              if(num<=7)
  78   1              P0|=0x01<<num;
  79   1              else
  80   1              P0=0Xff;
  81   1      }
  82          
  83          void main()//主函数
  84          {
  85   1              float temp_num;
  86   1              Display_init();//数码管显示初始化
  87   1              Timer0_Init();//定时器0初始化
  88   1              LED8_OFF(8);//关闭8个led
  89   1              while(1)
  90   1              {
  91   2                      if(count>=10)
  92   2                      {
  93   3                              count=0;
  94   3                              temp_num=Ds18b20_Get_data();//获取温度值
  95   3                              if(temp_num<30)
  96   3                              wendu=temp_num;//更新温度值
  97   3                              Display_wendu();//更新温度显示
  98   3                      }
  99   2                      
 100   2              }
 101   1      }
 102          
 103          void Timer0() interrupt 1//定时器0中断
 104          {
 105   1              TH0=-9;
 106   1              count++;
 107   1              Display();//数码管显示函数
 108   1      }
 109          


MODULE INFORMATION:   STATIC OVERLAYABLE
   CODE SIZE        =    352    ----
   CONSTANT SIZE    =   ----    ----
   XDATA SIZE       =   ----    ----
   PDATA SIZE       =   ----    ----
C51 COMPILER V9.53.0.0   MAIN                                                              04/17/2021 16:58:41 PAGE 3   

   DATA SIZE        =     25       4
   IDATA SIZE       =   ----    ----
   BIT SIZE         =   ----    ----
END OF MODULE INFORMATION.


C51 COMPILATION COMPLETE.  0 WARNING(S),  0 ERROR(S)
